<?xml version="1.0" encoding="UTF-8"?>
<!-- Generated by org.testng.reporters.JUnitReportReporter -->
<testsuite hostname="Invicta-21" failures="0" tests="1" name="TestCases.DashboardTest" time="2.187" errors="0" timestamp="27 Jan 2023 05:15:02 GMT" skipped="0">
  <testcase classname="TestCases.DashboardTest" name="Dashboard" time="2.187"/>
</testsuite> <!-- TestCases.DashboardTest -->
