<?xml version="1.0" encoding="UTF-8"?>
<!-- Generated by org.testng.reporters.JUnitReportReporter -->
<testsuite hostname="Invicta-21" failures="0" tests="1" name="TestCasesAdd.AddPlantTest" time="12.656" errors="0" timestamp="04 Jan 2023 09:53:21 GMT" skipped="0">
  <testcase classname="TestCasesAdd.AddPlantTest" name="AddPlant" time="12.656"/>
</testsuite> <!-- TestCasesAdd.AddPlantTest -->
